<?xml version="1.0" encoding="UTF-8"?>
<!-- Generated by org.testng.reporters.JUnitReportReporter -->
<testsuite skipped="0" hostname="murah-X450LCP" name="example.NewTest" tests="1" failures="0" timestamp="27 jul 2018 17:37:27 GMT" time="4.406" errors="0">
  <testcase name="testEasy" time="4.406" classname="example.NewTest"/>
</testsuite> <!-- example.NewTest -->
